<?xml version="1.0" encoding="UTF-8" ?>
<testsuite tests="3" failures="0" name="RegisterPageTest" time="48.33" errors="1" skipped="0">
  <properties>
[...]
</properties>
  <testcase classname="RegisterPageTest" name="canOpenRegisterPage" time="6.435"/>
  <testcase classname="RegisterPageTest" name="canRegisterNewIndividualUser" time="23.859"/>
  <testcase classname="RegisterPageTest" name="canRegisterCorporateUSer" time="18.036">
    <error message="Browsing context has been discarded
Build info: version: &apos;3.13.0&apos;, revision: &apos;2f0d292&apos;, time: &apos;2018-06-25T15:24:21.231Z&apos;
System info: host: &apos;MacBook-Pro.local&apos;, ip: &apos;fe80:0:0:0:43:cc46:4e76:7468%en0&apos;, os.name: &apos;Mac OS X&apos;, os.arch: &apos;x86_64&apos;, os.version: &apos;10.12.6&apos;, java.version: &apos;10.0.1&apos;
Driver info: org.openqa.selenium.firefox.FirefoxDriver
Capabilities {acceptInsecureCerts: true, browserName: firefox, browserVersion: 61.0.1, javascriptEnabled: true, moz:accessibilityChecks: false, moz:headless: false, moz:processID: 4728, moz:profile: /var/folders/07/pwss_zm91wj..., moz:useNonSpecCompliantPointerOrigin: false, moz:webdriverClick: true, pageLoadStrategy: normal, platform: MAC, platformName: MAC, platformVersion: 16.7.0, rotatable: false, timeouts: {implicit: 0, pageLoad: 300000, script: 30000}}
Session ID: 482bfad3-e878-1d4c-9b2c-b55088252584
*** Element info: {Using=tag name, value=button}" type="org.openqa.selenium.NoSuchWindowException">org.openqa.selenium.NoSuchWindowException: Browsing context has been discarded
Build info: version: &apos;3.13.0&apos;, revision: &apos;2f0d292&apos;, time: &apos;2018-06-25T15:24:21.231Z&apos;
System info: host: &apos;MacBook-Pro.local&apos;, ip: &apos;fe80:0:0:0:43:cc46:4e76:7468%en0&apos;, os.name: &apos;Mac OS X&apos;, os.arch: &apos;x86_64&apos;, os.version: &apos;10.12.6&apos;, java.version: &apos;10.0.1&apos;
Driver info: org.openqa.selenium.firefox.FirefoxDriver
Capabilities {acceptInsecureCerts: true, browserName: firefox, browserVersion: 61.0.1, javascriptEnabled: true, moz:accessibilityChecks: false, moz:headless: false, moz:processID: 4728, moz:profile: /var/folders/07/pwss_zm91wj..., moz:useNonSpecCompliantPointerOrigin: false, moz:webdriverClick: true, pageLoadStrategy: normal, platform: MAC, platformName: MAC, platformVersion: 16.7.0, rotatable: false, timeouts: {implicit: 0, pageLoad: 300000, script: 30000}}
Session ID: 482bfad3-e878-1d4c-9b2c-b55088252584
*** Element info: {Using=tag name, value=button}
	at java.base/jdk.internal.reflect.NativeConstructorAccessorImpl.newInstance0(Native Method)
	at java.base/jdk.internal.reflect.NativeConstructorAccessorImpl.newInstance(NativeConstructorAccessorImpl.java:62)
	at java.base/jdk.internal.reflect.DelegatingConstructorAccessorImpl.newInstance(DelegatingConstructorAccessorImpl.java:45)
	at java.base/java.lang.reflect.Constructor.newInstance(Constructor.java:488)
	at org.openqa.selenium.remote.http.W3CHttpResponseCodec.createException(W3CHttpResponseCodec.java:187)
	at org.openqa.selenium.remote.http.W3CHttpResponseCodec.decode(W3CHttpResponseCodec.java:122)
	at org.openqa.selenium.remote.http.W3CHttpResponseCodec.decode(W3CHttpResponseCodec.java:49)
	at org.openqa.selenium.remote.HttpCommandExecutor.execute(HttpCommandExecutor.java:158)
	at org.openqa.selenium.remote.service.DriverCommandExecutor.execute(DriverCommandExecutor.java:83)
	at org.openqa.selenium.remote.RemoteWebDriver.execute(RemoteWebDriver.java:548)
	at org.openqa.selenium.remote.RemoteWebDriver.findElement(RemoteWebDriver.java:322)
	at org.openqa.selenium.remote.RemoteWebDriver.findElementByTagName(RemoteWebDriver.java:392)
	at org.openqa.selenium.By$ByTagName.findElement(By.java:320)
	at org.openqa.selenium.remote.RemoteWebDriver.findElement(RemoteWebDriver.java:314)
	at Generate.nip(Generate.java:19)
	at RegisterPage.registerNewCompanyUser(RegisterPage.java:50)
	at RegisterPageTest.canRegisterCorporateUSer(RegisterPageTest.java:59)
	at java.base/jdk.internal.reflect.NativeMethodAccessorImpl.invoke0(Native Method)
	at java.base/jdk.internal.reflect.NativeMethodAccessorImpl.invoke(NativeMethodAccessorImpl.java:62)
	at java.base/jdk.internal.reflect.DelegatingMethodAccessorImpl.invoke(DelegatingMethodAccessorImpl.java:43)
	at java.base/java.lang.reflect.Method.invoke(Method.java:564)
	at org.junit.runners.model.FrameworkMethod$1.runReflectiveCall(FrameworkMethod.java:50)
	at org.junit.internal.runners.model.ReflectiveCallable.run(ReflectiveCallable.java:12)
	at org.junit.runners.model.FrameworkMethod.invokeExplosively(FrameworkMethod.java:47)
	at org.junit.internal.runners.statements.InvokeMethod.evaluate(InvokeMethod.java:17)
	at org.junit.internal.runners.statements.RunBefores.evaluate(RunBefores.java:26)
	at org.junit.internal.runners.statements.RunAfters.evaluate(RunAfters.java:27)
	at org.junit.runners.ParentRunner.runLeaf(ParentRunner.java:325)
	at org.junit.runners.BlockJUnit4ClassRunner.runChild(BlockJUnit4ClassRunner.java:78)
	at org.junit.runners.BlockJUnit4ClassRunner.runChild(BlockJUnit4ClassRunner.java:57)
	at org.junit.runners.ParentRunner$3.run(ParentRunner.java:290)
	at org.junit.runners.ParentRunner$1.schedule(ParentRunner.java:71)
	at org.junit.runners.ParentRunner.runChildren(ParentRunner.java:288)
	at org.junit.runners.ParentRunner.access$000(ParentRunner.java:58)
	at org.junit.runners.ParentRunner$2.evaluate(ParentRunner.java:268)
	at org.junit.runners.ParentRunner.run(ParentRunner.java:363)
	at org.apache.maven.surefire.junit4.JUnit4Provider.execute(JUnit4Provider.java:252)
	at org.apache.maven.surefire.junit4.JUnit4Provider.executeTestSet(JUnit4Provider.java:141)
	at org.apache.maven.surefire.junit4.JUnit4Provider.invoke(JUnit4Provider.java:112)
	at java.base/jdk.internal.reflect.NativeMethodAccessorImpl.invoke0(Native Method)
	at java.base/jdk.internal.reflect.NativeMethodAccessorImpl.invoke(NativeMethodAccessorImpl.java:62)
	at java.base/jdk.internal.reflect.DelegatingMethodAccessorImpl.invoke(DelegatingMethodAccessorImpl.java:43)
	at java.base/java.lang.reflect.Method.invoke(Method.java:564)
	at org.apache.maven.surefire.util.ReflectionUtils.invokeMethodWithArray(ReflectionUtils.java:189)
	at org.apache.maven.surefire.booter.ProviderFactory$ProviderProxy.invoke(ProviderFactory.java:165)
	at org.apache.maven.surefire.booter.ProviderFactory.invokeProvider(ProviderFactory.java:85)
	at org.apache.maven.surefire.booter.ForkedBooter.runSuitesInProcess(ForkedBooter.java:115)
	at org.apache.maven.surefire.booter.ForkedBooter.main(ForkedBooter.java:75)
</error>
    <system-err>1535913239936	geckodriver	INFO	geckodriver 0.21.0
1535913239953	geckodriver	INFO	Listening on 127.0.0.1:30977
1535913239986	mozrunner::runner	INFO	Running command: &quot;/Applications/Firefox.app/Contents/MacOS/firefox-bin&quot; &quot;-marionette&quot; &quot;-foreground&quot; &quot;-no-remote&quot; &quot;-profile&quot; &quot;/var/folders/07/pwss_zm91wj4_jgd2wg3608c0000gn/T/rust_mozprofile.LyIVdaPWWYvQ&quot;
2018-09-02 20:34:01.695 plugin-container[4712:131773] *** CFMessagePort: bootstrap_register(): failed 1100 (0x44c) &apos;Permission denied&apos;, port = 0x9733, name = &apos;com.apple.tsm.portname&apos;
See /usr/include/servers/bootstrap_defs.h for the error codes.
2018-09-02 20:34:01.979 plugin-container[4713:131817] *** CFMessagePort: bootstrap_register(): failed 1100 (0x44c) &apos;Permission denied&apos;, port = 0x9737, name = &apos;com.apple.tsm.portname&apos;
See /usr/include/servers/bootstrap_defs.h for the error codes.
1535913242284	Marionette	INFO	Listening on port 56001
1535913242431	Marionette	WARN	TLS certificate errors will be ignored for this session
Sep 02, 2018 8:34:02 PM org.openqa.selenium.remote.ProtocolHandshake createSession
INFO: Detected dialect: W3C
2018-09-02 20:34:03.308 plugin-container[4714:131929] *** CFMessagePort: bootstrap_register(): failed 1100 (0x44c) &apos;Permission denied&apos;, port = 0x9237, name = &apos;com.apple.tsm.portname&apos;
See /usr/include/servers/bootstrap_defs.h for the error codes.
1535913244242	geckodriver	INFO	geckodriver 0.21.0
1535913244279	geckodriver	INFO	Listening on 127.0.0.1:26215
1535913244290	mozrunner::runner	INFO	Running command: &quot;/Applications/Firefox.app/Contents/MacOS/firefox-bin&quot; &quot;-marionette&quot; &quot;-foreground&quot; &quot;-no-remote&quot; &quot;-profile&quot; &quot;/var/folders/07/pwss_zm91wj4_jgd2wg3608c0000gn/T/rust_mozprofile.WBTGJ2YaGq7e&quot;
2018-09-02 20:34:05.956 plugin-container[4720:132071] *** CFMessagePort: bootstrap_register(): failed 1100 (0x44c) &apos;Permission denied&apos;, port = 0x9537, name = &apos;com.apple.tsm.portname&apos;
See /usr/include/servers/bootstrap_defs.h for the error codes.
2018-09-02 20:34:06.375 plugin-container[4721:132094] *** CFMessagePort: bootstrap_register(): failed 1100 (0x44c) &apos;Permission denied&apos;, port = 0x9937, name = &apos;com.apple.tsm.portname&apos;
See /usr/include/servers/bootstrap_defs.h for the error codes.
1535913246717	Marionette	INFO	Listening on port 56093
1535913246773	Marionette	WARN	TLS certificate errors will be ignored for this session
Sep 02, 2018 8:34:06 PM org.openqa.selenium.remote.ProtocolHandshake createSession
INFO: Detected dialect: W3C
2018-09-02 20:34:07.281 plugin-container[4722:132200] *** CFMessagePort: bootstrap_register(): failed 1100 (0x44c) &apos;Permission denied&apos;, port = 0x9137, name = &apos;com.apple.tsm.portname&apos;
See /usr/include/servers/bootstrap_defs.h for the error codes.
*** UTM:SVC TimerManager:registerTimer called after profile-before-change notification. Ignoring timer registration for id: telemetry_modules_ping
1535913254398	geckodriver	INFO	geckodriver 0.21.0
1535913254411	geckodriver	INFO	Listening on 127.0.0.1:31696
1535913254436	mozrunner::runner	INFO	Running command: &quot;/Applications/Firefox.app/Contents/MacOS/firefox-bin&quot; &quot;-marionette&quot; &quot;-foreground&quot; &quot;-no-remote&quot; &quot;-profile&quot; &quot;/var/folders/07/pwss_zm91wj4_jgd2wg3608c0000gn/T/rust_mozprofile.ZIwGX39pWRkx&quot;
2018-09-02 20:34:16.260 plugin-container[4729:132492] *** CFMessagePort: bootstrap_register(): failed 1100 (0x44c) &apos;Permission denied&apos;, port = 0x9b37, name = &apos;com.apple.tsm.portname&apos;
See /usr/include/servers/bootstrap_defs.h for the error codes.
2018-09-02 20:34:16.494 plugin-container[4730:132515] *** CFMessagePort: bootstrap_register(): failed 1100 (0x44c) &apos;Permission denied&apos;, port = 0x9837, name = &apos;com.apple.tsm.portname&apos;
See /usr/include/servers/bootstrap_defs.h for the error codes.
1535913256867	Marionette	INFO	Listening on port 56205
1535913256918	Marionette	WARN	TLS certificate errors will be ignored for this session
Sep 02, 2018 8:34:16 PM org.openqa.selenium.remote.ProtocolHandshake createSession
INFO: Detected dialect: W3C
2018-09-02 20:34:17.378 plugin-container[4731:132620] *** CFMessagePort: bootstrap_register(): failed 1100 (0x44c) &apos;Permission denied&apos;, port = 0x9437, name = &apos;com.apple.tsm.portname&apos;
See /usr/include/servers/bootstrap_defs.h for the error codes.
</system-err>
  </testcase>
</testsuite>